30/09/2010 09:55:51: script : erreur de script step31.php
30/09/2010 09:56:35: script :3 erreur de script step31.php
30/09/2010 10:03:24: script :3 erreur de script step31.php
30/09/2010 10:03:38: script :3 erreur de script step31.php
30/09/2010 10:04:08: script :3 erreur de script step31.php
30/09/2010 10:04:17: script :3 erreur de script step31.php
30/09/2010 10:04:53: script :3 erreur de script step31.php
30/09/2010 10:05:06: script :3 erreur de script step31.php
30/09/2010 10:06:47: script_id :3 erreur de script step31.php
30/09/2010 10:07:07: script_id :3 erreur de script step31.php
30/09/2010 10:07:52: script_id :3 erreur de script 
30/09/2010 11:34:42: script_id :3 erreur de script step31.php 
30/09/2010 11:36:35: script_id :3 erreur de script step31.php
30/09/2010 11:47:18: script_id :2 error d\'historique de mail - customers_id
30/09/2010 12:01:00: script_id :2 toutes les valeurs ne sont pas remplacées
30/09/2010 12:04:09: script_id :2 toutes les valeurs ne sont pas remplacées
30/09/2010 12:04:44: script_id :2 toutes les valeurs ne sont pas remplacées
30/09/2010 12:06:23: script_id :2 toutes les valeurs ne sont pas remplacées
30/09/2010 12:06:58: script_id :2 toutes les valeurs ne sont pas remplacées
30/09/2010 12:08:20: script_id :2 toutes les valeurs ne sont pas remplacées
30/09/2010 14:10:32: script_id :2 erreur lors de l'envoi du mail - customers_id 6826
30/09/2010 14:12:28: script_id :2 erreur lors de l'envoi du mail - customers_id 6826
30/09/2010 14:12:29: script_id :3 erreur lors de l'envoi du mail - customers_id 1062415
30/09/2010 14:13:20: script_id :2 erreur lors de l'envoi du mail - customers_id 6826
30/09/2010 14:13:21: script_id :3 erreur lors de l'envoi du mail - customers_id 1062415
30/09/2010 14:13:39: script_id :2 erreur lors de l'envoi du mail - customers_id 6826
30/09/2010 14:13:41: script_id :3 erreur lors de l'envoi du mail - customers_id 1062415
30/09/2010 14:46:29: script_id :2 toutes les valeurs ne sont pas remplacées : site_link
01/10/2010 09:29:54: script_id :6 variable manquante : gender
01/10/2010 09:36:25: script_id :6 variable manquante : gender
01/10/2010 09:43:18: script_id :6 variable manquante : gender
01/10/2010 09:46:03: script_id :6 variable manquante : gender
